d:\github\competitive-programming\uvaonlinejudge\uvaonlinejudge\debug\vc143.pdb
d:\github\competitive-programming\uvaonlinejudge\uvaonlinejudge\debug\vc143.idb
d:\github\competitive-programming\uvaonlinejudge\uvaonlinejudge\debug\uva469.obj
d:\github\competitive-programming\uvaonlinejudge\uvaonlinejudge\debug\uva462.obj
d:\github\competitive-programming\uvaonlinejudge\uvaonlinejudge\debug\uva454.obj
d:\github\competitive-programming\uvaonlinejudge\uvaonlinejudge\debug\uva441.obj
d:\github\competitive-programming\uvaonlinejudge\uvaonlinejudge\debug\uva416.obj
d:\github\competitive-programming\uvaonlinejudge\uvaonlinejudge\debug\uva403.obj
d:\github\competitive-programming\uvaonlinejudge\uvaonlinejudge\debug\uva401.obj
d:\github\competitive-programming\uvaonlinejudge\uvaonlinejudge\debug\uva357.obj
d:\github\competitive-programming\uvaonlinejudge\uvaonlinejudge\debug\uva315.obj
d:\github\competitive-programming\uvaonlinejudge\uvaonlinejudge\debug\uva278.obj
d:\github\competitive-programming\uvaonlinejudge\uvaonlinejudge\debug\uva247.obj
d:\github\competitive-programming\uvaonlinejudge\uvaonlinejudge\debug\uva216.obj
d:\github\competitive-programming\uvaonlinejudge\uvaonlinejudge\debug\uva195.obj
d:\github\competitive-programming\uvaonlinejudge\uvaonlinejudge\debug\uva193.obj
d:\github\competitive-programming\uvaonlinejudge\uvaonlinejudge\debug\uva183.obj
d:\github\competitive-programming\uvaonlinejudge\uvaonlinejudge\debug\uva161.obj
d:\github\competitive-programming\uvaonlinejudge\uvaonlinejudge\debug\uva156.obj
d:\github\competitive-programming\uvaonlinejudge\uvaonlinejudge\debug\uva146.obj
d:\github\competitive-programming\uvaonlinejudge\uvaonlinejudge\debug\uva108.obj
d:\github\competitive-programming\uvaonlinejudge\uvaonlinejudge\debug\uva103.obj
d:\github\competitive-programming\uvaonlinejudge\uvaonlinejudge\debug\main.obj
d:\github\competitive-programming\uvaonlinejudge\uvaonlinejudge\debug\uva750.obj
d:\github\competitive-programming\uvaonlinejudge\uvaonlinejudge\debug\uva735.obj
d:\github\competitive-programming\uvaonlinejudge\uvaonlinejudge\debug\uva732.obj
d:\github\competitive-programming\uvaonlinejudge\uvaonlinejudge\debug\uva696.obj
d:\github\competitive-programming\uvaonlinejudge\uvaonlinejudge\debug\uva637.obj
d:\github\competitive-programming\uvaonlinejudge\uvaonlinejudge\debug\uva624.obj
d:\github\competitive-programming\uvaonlinejudge\uvaonlinejudge\debug\uva608.obj
d:\github\competitive-programming\uvaonlinejudge\uvaonlinejudge\debug\uva599.obj
d:\github\competitive-programming\uvaonlinejudge\uvaonlinejudge\debug\uva584.obj
d:\github\competitive-programming\uvaonlinejudge\uvaonlinejudge\debug\uva579.obj
d:\github\competitive-programming\uvaonlinejudge\uvaonlinejudge\debug\uva574.obj
d:\github\competitive-programming\uvaonlinejudge\uvaonlinejudge\debug\uva573.obj
d:\github\competitive-programming\uvaonlinejudge\uvaonlinejudge\debug\uva556.obj
d:\github\competitive-programming\uvaonlinejudge\uvaonlinejudge\debug\uva524.obj
d:\github\competitive-programming\uvaonlinejudge\uvaonlinejudge\debug\uva514.obj
d:\github\competitive-programming\uvaonlinejudge\uvaonlinejudge\debug\uva507.obj
d:\github\competitive-programming\uvaonlinejudge\uvaonlinejudge\debug\uva489.obj
d:\github\competitive-programming\uvaonlinejudge\uvaonlinejudge\debug\uva481.obj
d:\github\competitive-programming\uvaonlinejudge\uvaonlinejudge\debug\uva10503.obj
d:\github\competitive-programming\uvaonlinejudge\uvaonlinejudge\debug\uva10496.obj
d:\github\competitive-programming\uvaonlinejudge\uvaonlinejudge\debug\uva10487.obj
d:\github\competitive-programming\uvaonlinejudge\uvaonlinejudge\debug\uva1047.obj
d:\github\competitive-programming\uvaonlinejudge\uvaonlinejudge\debug\uva10443.obj
d:\github\competitive-programming\uvaonlinejudge\uvaonlinejudge\debug\uva10341.obj
d:\github\competitive-programming\uvaonlinejudge\uvaonlinejudge\debug\uva10337.obj
d:\github\competitive-programming\uvaonlinejudge\uvaonlinejudge\debug\uva10306.obj
d:\github\competitive-programming\uvaonlinejudge\uvaonlinejudge\debug\uva10305.obj
d:\github\competitive-programming\uvaonlinejudge\uvaonlinejudge\debug\uva10284.obj
d:\github\competitive-programming\uvaonlinejudge\uvaonlinejudge\debug\uva10264.obj
d:\github\competitive-programming\uvaonlinejudge\uvaonlinejudge\debug\uva10258.obj
d:\github\competitive-programming\uvaonlinejudge\uvaonlinejudge\debug\uva10189.obj
d:\github\competitive-programming\uvaonlinejudge\uvaonlinejudge\debug\uva10172.obj
d:\github\competitive-programming\uvaonlinejudge\uvaonlinejudge\debug\uva10141.obj
d:\github\competitive-programming\uvaonlinejudge\uvaonlinejudge\debug\uva10107.obj
d:\github\competitive-programming\uvaonlinejudge\uvaonlinejudge\debug\uva10102.obj
d:\github\competitive-programming\uvaonlinejudge\uvaonlinejudge\debug\uva10004.obj
d:\github\competitive-programming\uvaonlinejudge\uvaonlinejudge\debug\uva10901.obj
d:\github\competitive-programming\uvaonlinejudge\uvaonlinejudge\debug\uva10855.obj
d:\github\competitive-programming\uvaonlinejudge\uvaonlinejudge\debug\uva10827.obj
d:\github\competitive-programming\uvaonlinejudge\uvaonlinejudge\debug\uva10819.obj
d:\github\competitive-programming\uvaonlinejudge\uvaonlinejudge\debug\uva10813.obj
d:\github\competitive-programming\uvaonlinejudge\uvaonlinejudge\debug\uva10812.obj
d:\github\competitive-programming\uvaonlinejudge\uvaonlinejudge\debug\uva10765.obj
d:\github\competitive-programming\uvaonlinejudge\uvaonlinejudge\debug\uva10755.obj
d:\github\competitive-programming\uvaonlinejudge\uvaonlinejudge\debug\uva10721.obj
d:\github\competitive-programming\uvaonlinejudge\uvaonlinejudge\debug\uva10718.obj
d:\github\competitive-programming\uvaonlinejudge\uvaonlinejudge\debug\uva10684.obj
d:\github\competitive-programming\uvaonlinejudge\uvaonlinejudge\debug\uva10660.obj
d:\github\competitive-programming\uvaonlinejudge\uvaonlinejudge\debug\uva10656.obj
d:\github\competitive-programming\uvaonlinejudge\uvaonlinejudge\debug\uva10646.obj
d:\github\competitive-programming\uvaonlinejudge\uvaonlinejudge\debug\uva1062.obj
d:\github\competitive-programming\uvaonlinejudge\uvaonlinejudge\debug\uva10616.obj
d:\github\competitive-programming\uvaonlinejudge\uvaonlinejudge\debug\uva1061.obj
d:\github\competitive-programming\uvaonlinejudge\uvaonlinejudge\debug\uva10576.obj
d:\github\competitive-programming\uvaonlinejudge\uvaonlinejudge\debug\uva10567.obj
d:\github\competitive-programming\uvaonlinejudge\uvaonlinejudge\debug\uva11264.obj
d:\github\competitive-programming\uvaonlinejudge\uvaonlinejudge\debug\uva11242.obj
d:\github\competitive-programming\uvaonlinejudge\uvaonlinejudge\debug\uva11236.obj
d:\github\competitive-programming\uvaonlinejudge\uvaonlinejudge\debug\uva11228.obj
d:\github\competitive-programming\uvaonlinejudge\uvaonlinejudge\debug\uva11221.obj
d:\github\competitive-programming\uvaonlinejudge\uvaonlinejudge\debug\uva11195.obj
d:\github\competitive-programming\uvaonlinejudge\uvaonlinejudge\debug\uva11157.obj
d:\github\competitive-programming\uvaonlinejudge\uvaonlinejudge\debug\uva11136.obj
d:\github\competitive-programming\uvaonlinejudge\uvaonlinejudge\debug\uva11100.obj
d:\github\competitive-programming\uvaonlinejudge\uvaonlinejudge\debug\uva11094.obj
d:\github\competitive-programming\uvaonlinejudge\uvaonlinejudge\debug\uva11080.obj
d:\github\competitive-programming\uvaonlinejudge\uvaonlinejudge\debug\uva11060.obj
d:\github\competitive-programming\uvaonlinejudge\uvaonlinejudge\debug\uva11057.obj
d:\github\competitive-programming\uvaonlinejudge\uvaonlinejudge\debug\uva11034.obj
d:\github\competitive-programming\uvaonlinejudge\uvaonlinejudge\debug\uva10976.obj
d:\github\competitive-programming\uvaonlinejudge\uvaonlinejudge\debug\uva10954.obj
d:\github\competitive-programming\uvaonlinejudge\uvaonlinejudge\debug\uva10945.obj
d:\github\competitive-programming\uvaonlinejudge\uvaonlinejudge\debug\uva10920.obj
d:\github\competitive-programming\uvaonlinejudge\uvaonlinejudge\debug\uva11790.obj
d:\github\competitive-programming\uvaonlinejudge\uvaonlinejudge\debug\uva11779.obj
d:\github\competitive-programming\uvaonlinejudge\uvaonlinejudge\debug\uva11631.obj
d:\github\competitive-programming\uvaonlinejudge\uvaonlinejudge\debug\uva11581.obj
d:\github\competitive-programming\uvaonlinejudge\uvaonlinejudge\debug\uva11572.obj
d:\github\competitive-programming\uvaonlinejudge\uvaonlinejudge\debug\uva11566.obj
d:\github\competitive-programming\uvaonlinejudge\uvaonlinejudge\debug\uva11565.obj
d:\github\competitive-programming\uvaonlinejudge\uvaonlinejudge\debug\uva11553.obj
d:\github\competitive-programming\uvaonlinejudge\uvaonlinejudge\debug\uva11517.obj
d:\github\competitive-programming\uvaonlinejudge\uvaonlinejudge\debug\uva11507.obj
d:\github\competitive-programming\uvaonlinejudge\uvaonlinejudge\debug\uva11504.obj
d:\github\competitive-programming\uvaonlinejudge\uvaonlinejudge\debug\uva11459.obj
d:\github\competitive-programming\uvaonlinejudge\uvaonlinejudge\debug\uva11450.obj
d:\github\competitive-programming\uvaonlinejudge\uvaonlinejudge\debug\uva11389.obj
d:\github\competitive-programming\uvaonlinejudge\uvaonlinejudge\debug\uva11340.obj
d:\github\competitive-programming\uvaonlinejudge\uvaonlinejudge\debug\uva11292.obj
d:\github\competitive-programming\uvaonlinejudge\uvaonlinejudge\debug\uva12356.obj
d:\github\competitive-programming\uvaonlinejudge\uvaonlinejudge\debug\uva12247.obj
d:\github\competitive-programming\uvaonlinejudge\uvaonlinejudge\debug\uva12210.obj
d:\github\competitive-programming\uvaonlinejudge\uvaonlinejudge\debug\uva12192.obj
d:\github\competitive-programming\uvaonlinejudge\uvaonlinejudge\debug\uva12085.obj
d:\github\competitive-programming\uvaonlinejudge\uvaonlinejudge\debug\uva12060.obj
d:\github\competitive-programming\uvaonlinejudge\uvaonlinejudge\debug\uva12032.obj
d:\github\competitive-programming\uvaonlinejudge\uvaonlinejudge\debug\uva1203.obj
d:\github\competitive-programming\uvaonlinejudge\uvaonlinejudge\debug\uva11995.obj
d:\github\competitive-programming\uvaonlinejudge\uvaonlinejudge\debug\uva11988.obj
d:\github\competitive-programming\uvaonlinejudge\uvaonlinejudge\debug\uva11951.obj
d:\github\competitive-programming\uvaonlinejudge\uvaonlinejudge\debug\uva11947.obj
d:\github\competitive-programming\uvaonlinejudge\uvaonlinejudge\debug\uva11933.obj
d:\github\competitive-programming\uvaonlinejudge\uvaonlinejudge\debug\uva11926.obj
d:\github\competitive-programming\uvaonlinejudge\uvaonlinejudge\debug\uva11906.obj
d:\github\competitive-programming\uvaonlinejudge\uvaonlinejudge\debug\uva11902.obj
d:\github\competitive-programming\uvaonlinejudge\uvaonlinejudge\debug\uva11849.obj
d:\github\competitive-programming\uvaonlinejudge\uvaonlinejudge\debug\uva11838.obj
d:\github\competitive-programming\uvaonlinejudge\uvaonlinejudge\debug\uva11831.obj
d:\github\competitive-programming\uvaonlinejudge\uvaonlinejudge\debug\uva978.obj
d:\github\competitive-programming\uvaonlinejudge\uvaonlinejudge\debug\uva927.obj
d:\github\competitive-programming\uvaonlinejudge\uvaonlinejudge\debug\uva893.obj
d:\github\competitive-programming\uvaonlinejudge\uvaonlinejudge\debug\uva872.obj
d:\github\competitive-programming\uvaonlinejudge\uvaonlinejudge\debug\uva796.obj
d:\github\competitive-programming\uvaonlinejudge\uvaonlinejudge\debug\uva1262.obj
d:\github\competitive-programming\uvaonlinejudge\uvaonlinejudge\debug\uva1260.obj
d:\github\competitive-programming\uvaonlinejudge\uvaonlinejudge\debug\uva12455.obj
d:\github\competitive-programming\uvaonlinejudge\uvaonlinejudge\debug\uva12442.obj
d:\github\competitive-programming\uvaonlinejudge\uvaonlinejudge\debug\uva12405.obj
d:\github\competitive-programming\uvaonlinejudge\uvaonlinejudge\debug\uva1237.obj
d:\github\competitive-programming\uvaonlinejudge\debug\uvaonlinejudge.exe
d:\github\competitive-programming\uvaonlinejudge\debug\uvaonlinejudge.pdb
d:\github\competitive-programming\uvaonlinejudge\uvaonlinejudge\debug\uvaonlinejudge.ilk
d:\github\competitive-programming\uvaonlinejudge\uvaonlinejudge\debug\uvaonlinejudge.tlog\cl.command.1.tlog
d:\github\competitive-programming\uvaonlinejudge\uvaonlinejudge\debug\uvaonlinejudge.tlog\cl.items.tlog
d:\github\competitive-programming\uvaonlinejudge\uvaonlinejudge\debug\uvaonlinejudge.tlog\cl.read.1.tlog
d:\github\competitive-programming\uvaonlinejudge\uvaonlinejudge\debug\uvaonlinejudge.tlog\cl.write.1.tlog
d:\github\competitive-programming\uvaonlinejudge\uvaonlinejudge\debug\uvaonlinejudge.tlog\link.command.1.tlog
d:\github\competitive-programming\uvaonlinejudge\uvaonlinejudge\debug\uvaonlinejudge.tlog\link.read.1.tlog
d:\github\competitive-programming\uvaonlinejudge\uvaonlinejudge\debug\uvaonlinejudge.tlog\link.secondary.1.tlog
d:\github\competitive-programming\uvaonlinejudge\uvaonlinejudge\debug\uvaonlinejudge.tlog\link.write.1.tlog
